Start testing: Mar 18 21:02 MSK
----------------------------------------------------------
1/15 Testing: RoundRobinScheduler.AllocatesAtLeastOne
1/15 Test: RoundRobinScheduler.AllocatesAtLeastOne
Command: "/mnt/c/Users/maria/Desktop/project_telecom/build/tests/scheduler_tests" "--gtest_filter=RoundRobinScheduler.AllocatesAtLeastOne" "--gtest_also_run_disabled_tests"
Directory: /mnt/c/Users/maria/Desktop/project_telecom/build/tests
"RoundRobinScheduler.AllocatesAtLeastOne" start time: Mar 18 21:02 MSK
Output:
----------------------------------------------------------
Running main() from /mnt/c/Users/maria/Desktop/project_telecom/build/_deps/googletest-src/googletest/src/gtest_main.cc
Note: Google Test filter = RoundRobinScheduler.AllocatesAtLeastOne
[==========] Running 1 test from 1 test suite.
[----------] Global test environment set-up.
[----------] 1 test from RoundRobinScheduler
[ RUN      ] RoundRobinScheduler.AllocatesAtLeastOne
[       OK ] RoundRobinScheduler.AllocatesAtLeastOne (0 ms)
[----------] 1 test from RoundRobinScheduler (0 ms total)

[----------] Global test environment tear-down
[==========] 1 test from 1 test suite ran. (0 ms total)
[  PASSED  ] 1 test.
<end of output>
Test time =   0.03 sec
----------------------------------------------------------
Test Passed.
"RoundRobinScheduler.AllocatesAtLeastOne" end time: Mar 18 21:02 MSK
"RoundRobinScheduler.AllocatesAtLeastOne" time elapsed: 00:00:00
----------------------------------------------------------

2/15 Testing: RoundRobinScheduler.NeverExceedsAvailableRbs
2/15 Test: RoundRobinScheduler.NeverExceedsAvailableRbs
Command: "/mnt/c/Users/maria/Desktop/project_telecom/build/tests/scheduler_tests" "--gtest_filter=RoundRobinScheduler.NeverExceedsAvailableRbs" "--gtest_also_run_disabled_tests"
Directory: /mnt/c/Users/maria/Desktop/project_telecom/build/tests
"RoundRobinScheduler.NeverExceedsAvailableRbs" start time: Mar 18 21:02 MSK
Output:
----------------------------------------------------------
Running main() from /mnt/c/Users/maria/Desktop/project_telecom/build/_deps/googletest-src/googletest/src/gtest_main.cc
Note: Google Test filter = RoundRobinScheduler.NeverExceedsAvailableRbs
[==========] Running 1 test from 1 test suite.
[----------] Global test environment set-up.
[----------] 1 test from RoundRobinScheduler
[ RUN      ] RoundRobinScheduler.NeverExceedsAvailableRbs
[       OK ] RoundRobinScheduler.NeverExceedsAvailableRbs (0 ms)
[----------] 1 test from RoundRobinScheduler (0 ms total)

[----------] Global test environment tear-down
[==========] 1 test from 1 test suite ran. (0 ms total)
[  PASSED  ] 1 test.
<end of output>
Test time =   0.02 sec
----------------------------------------------------------
Test Passed.
"RoundRobinScheduler.NeverExceedsAvailableRbs" end time: Mar 18 21:02 MSK
"RoundRobinScheduler.NeverExceedsAvailableRbs" time elapsed: 00:00:00
----------------------------------------------------------

3/15 Testing: RoundRobinScheduler.RotatesAcrossTtis
3/15 Test: RoundRobinScheduler.RotatesAcrossTtis
Command: "/mnt/c/Users/maria/Desktop/project_telecom/build/tests/scheduler_tests" "--gtest_filter=RoundRobinScheduler.RotatesAcrossTtis" "--gtest_also_run_disabled_tests"
Directory: /mnt/c/Users/maria/Desktop/project_telecom/build/tests
"RoundRobinScheduler.RotatesAcrossTtis" start time: Mar 18 21:02 MSK
Output:
----------------------------------------------------------
Running main() from /mnt/c/Users/maria/Desktop/project_telecom/build/_deps/googletest-src/googletest/src/gtest_main.cc
Note: Google Test filter = RoundRobinScheduler.RotatesAcrossTtis
[==========] Running 1 test from 1 test suite.
[----------] Global test environment set-up.
[----------] 1 test from RoundRobinScheduler
[ RUN      ] RoundRobinScheduler.RotatesAcrossTtis
[       OK ] RoundRobinScheduler.RotatesAcrossTtis (0 ms)
[----------] 1 test from RoundRobinScheduler (0 ms total)

[----------] Global test environment tear-down
[==========] 1 test from 1 test suite ran. (0 ms total)
[  PASSED  ] 1 test.
<end of output>
Test time =   0.02 sec
----------------------------------------------------------
Test Passed.
"RoundRobinScheduler.RotatesAcrossTtis" end time: Mar 18 21:02 MSK
"RoundRobinScheduler.RotatesAcrossTtis" time elapsed: 00:00:00
----------------------------------------------------------

4/15 Testing: RoundRobinScheduler.SkipsUesWithNoData
4/15 Test: RoundRobinScheduler.SkipsUesWithNoData
Command: "/mnt/c/Users/maria/Desktop/project_telecom/build/tests/scheduler_tests" "--gtest_filter=RoundRobinScheduler.SkipsUesWithNoData" "--gtest_also_run_disabled_tests"
Directory: /mnt/c/Users/maria/Desktop/project_telecom/build/tests
"RoundRobinScheduler.SkipsUesWithNoData" start time: Mar 18 21:02 MSK
Output:
----------------------------------------------------------
Running main() from /mnt/c/Users/maria/Desktop/project_telecom/build/_deps/googletest-src/googletest/src/gtest_main.cc
Note: Google Test filter = RoundRobinScheduler.SkipsUesWithNoData
[==========] Running 1 test from 1 test suite.
[----------] Global test environment set-up.
[----------] 1 test from RoundRobinScheduler
[ RUN      ] RoundRobinScheduler.SkipsUesWithNoData
[       OK ] RoundRobinScheduler.SkipsUesWithNoData (0 ms)
[----------] 1 test from RoundRobinScheduler (0 ms total)

[----------] Global test environment tear-down
[==========] 1 test from 1 test suite ran. (0 ms total)
[  PASSED  ] 1 test.
<end of output>
Test time =   0.02 sec
----------------------------------------------------------
Test Passed.
"RoundRobinScheduler.SkipsUesWithNoData" end time: Mar 18 21:02 MSK
"RoundRobinScheduler.SkipsUesWithNoData" time elapsed: 00:00:00
----------------------------------------------------------

5/15 Testing: RoundRobinScheduler.EmptyQueueReturnsEmpty
5/15 Test: RoundRobinScheduler.EmptyQueueReturnsEmpty
Command: "/mnt/c/Users/maria/Desktop/project_telecom/build/tests/scheduler_tests" "--gtest_filter=RoundRobinScheduler.EmptyQueueReturnsEmpty" "--gtest_also_run_disabled_tests"
Directory: /mnt/c/Users/maria/Desktop/project_telecom/build/tests
"RoundRobinScheduler.EmptyQueueReturnsEmpty" start time: Mar 18 21:02 MSK
Output:
----------------------------------------------------------
Running main() from /mnt/c/Users/maria/Desktop/project_telecom/build/_deps/googletest-src/googletest/src/gtest_main.cc
Note: Google Test filter = RoundRobinScheduler.EmptyQueueReturnsEmpty
[==========] Running 1 test from 1 test suite.
[----------] Global test environment set-up.
[----------] 1 test from RoundRobinScheduler
[ RUN      ] RoundRobinScheduler.EmptyQueueReturnsEmpty
[       OK ] RoundRobinScheduler.EmptyQueueReturnsEmpty (0 ms)
[----------] 1 test from RoundRobinScheduler (0 ms total)

[----------] Global test environment tear-down
[==========] 1 test from 1 test suite ran. (0 ms total)
[  PASSED  ] 1 test.
<end of output>
Test time =   0.02 sec
----------------------------------------------------------
Test Passed.
"RoundRobinScheduler.EmptyQueueReturnsEmpty" end time: Mar 18 21:02 MSK
"RoundRobinScheduler.EmptyQueueReturnsEmpty" time elapsed: 00:00:00
----------------------------------------------------------

6/15 Testing: RoundRobinScheduler.ZeroRbsReturnsEmpty
6/15 Test: RoundRobinScheduler.ZeroRbsReturnsEmpty
Command: "/mnt/c/Users/maria/Desktop/project_telecom/build/tests/scheduler_tests" "--gtest_filter=RoundRobinScheduler.ZeroRbsReturnsEmpty" "--gtest_also_run_disabled_tests"
Directory: /mnt/c/Users/maria/Desktop/project_telecom/build/tests
"RoundRobinScheduler.ZeroRbsReturnsEmpty" start time: Mar 18 21:02 MSK
Output:
----------------------------------------------------------
Running main() from /mnt/c/Users/maria/Desktop/project_telecom/build/_deps/googletest-src/googletest/src/gtest_main.cc
Note: Google Test filter = RoundRobinScheduler.ZeroRbsReturnsEmpty
[==========] Running 1 test from 1 test suite.
[----------] Global test environment set-up.
[----------] 1 test from RoundRobinScheduler
[ RUN      ] RoundRobinScheduler.ZeroRbsReturnsEmpty
[       OK ] RoundRobinScheduler.ZeroRbsReturnsEmpty (0 ms)
[----------] 1 test from RoundRobinScheduler (0 ms total)

[----------] Global test environment tear-down
[==========] 1 test from 1 test suite ran. (0 ms total)
[  PASSED  ] 1 test.
<end of output>
Test time =   0.02 sec
----------------------------------------------------------
Test Passed.
"RoundRobinScheduler.ZeroRbsReturnsEmpty" end time: Mar 18 21:02 MSK
"RoundRobinScheduler.ZeroRbsReturnsEmpty" time elapsed: 00:00:00
----------------------------------------------------------

7/15 Testing: ProportionalFairScheduler.AllocatesAtLeastOne
7/15 Test: ProportionalFairScheduler.AllocatesAtLeastOne
Command: "/mnt/c/Users/maria/Desktop/project_telecom/build/tests/scheduler_tests" "--gtest_filter=ProportionalFairScheduler.AllocatesAtLeastOne" "--gtest_also_run_disabled_tests"
Directory: /mnt/c/Users/maria/Desktop/project_telecom/build/tests
"ProportionalFairScheduler.AllocatesAtLeastOne" start time: Mar 18 21:02 MSK
Output:
----------------------------------------------------------
Running main() from /mnt/c/Users/maria/Desktop/project_telecom/build/_deps/googletest-src/googletest/src/gtest_main.cc
Note: Google Test filter = ProportionalFairScheduler.AllocatesAtLeastOne
[==========] Running 1 test from 1 test suite.
[----------] Global test environment set-up.
[----------] 1 test from ProportionalFairScheduler
[ RUN      ] ProportionalFairScheduler.AllocatesAtLeastOne
[       OK ] ProportionalFairScheduler.AllocatesAtLeastOne (0 ms)
[----------] 1 test from ProportionalFairScheduler (0 ms total)

[----------] Global test environment tear-down
[==========] 1 test from 1 test suite ran. (0 ms total)
[  PASSED  ] 1 test.
<end of output>
Test time =   0.02 sec
----------------------------------------------------------
Test Passed.
"ProportionalFairScheduler.AllocatesAtLeastOne" end time: Mar 18 21:02 MSK
"ProportionalFairScheduler.AllocatesAtLeastOne" time elapsed: 00:00:00
----------------------------------------------------------

8/15 Testing: ProportionalFairScheduler.PrefersHighCqiUeInitially
8/15 Test: ProportionalFairScheduler.PrefersHighCqiUeInitially
Command: "/mnt/c/Users/maria/Desktop/project_telecom/build/tests/scheduler_tests" "--gtest_filter=ProportionalFairScheduler.PrefersHighCqiUeInitially" "--gtest_also_run_disabled_tests"
Directory: /mnt/c/Users/maria/Desktop/project_telecom/build/tests
"ProportionalFairScheduler.PrefersHighCqiUeInitially" start time: Mar 18 21:02 MSK
Output:
----------------------------------------------------------
Running main() from /mnt/c/Users/maria/Desktop/project_telecom/build/_deps/googletest-src/googletest/src/gtest_main.cc
Note: Google Test filter = ProportionalFairScheduler.PrefersHighCqiUeInitially
[==========] Running 1 test from 1 test suite.
[----------] Global test environment set-up.
[----------] 1 test from ProportionalFairScheduler
[ RUN      ] ProportionalFairScheduler.PrefersHighCqiUeInitially
[       OK ] ProportionalFairScheduler.PrefersHighCqiUeInitially (0 ms)
[----------] 1 test from ProportionalFairScheduler (0 ms total)

[----------] Global test environment tear-down
[==========] 1 test from 1 test suite ran. (0 ms total)
[  PASSED  ] 1 test.
<end of output>
Test time =   0.02 sec
----------------------------------------------------------
Test Passed.
"ProportionalFairScheduler.PrefersHighCqiUeInitially" end time: Mar 18 21:02 MSK
"ProportionalFairScheduler.PrefersHighCqiUeInitially" time elapsed: 00:00:00
----------------------------------------------------------

9/15 Testing: ProportionalFairScheduler.EvolvesAverageThroughput
9/15 Test: ProportionalFairScheduler.EvolvesAverageThroughput
Command: "/mnt/c/Users/maria/Desktop/project_telecom/build/tests/scheduler_tests" "--gtest_filter=ProportionalFairScheduler.EvolvesAverageThroughput" "--gtest_also_run_disabled_tests"
Directory: /mnt/c/Users/maria/Desktop/project_telecom/build/tests
"ProportionalFairScheduler.EvolvesAverageThroughput" start time: Mar 18 21:02 MSK
Output:
----------------------------------------------------------
Running main() from /mnt/c/Users/maria/Desktop/project_telecom/build/_deps/googletest-src/googletest/src/gtest_main.cc
Note: Google Test filter = ProportionalFairScheduler.EvolvesAverageThroughput
[==========] Running 1 test from 1 test suite.
[----------] Global test environment set-up.
[----------] 1 test from ProportionalFairScheduler
[ RUN      ] ProportionalFairScheduler.EvolvesAverageThroughput
[       OK ] ProportionalFairScheduler.EvolvesAverageThroughput (0 ms)
[----------] 1 test from ProportionalFairScheduler (0 ms total)

[----------] Global test environment tear-down
[==========] 1 test from 1 test suite ran. (0 ms total)
[  PASSED  ] 1 test.
<end of output>
Test time =   0.02 sec
----------------------------------------------------------
Test Passed.
"ProportionalFairScheduler.EvolvesAverageThroughput" end time: Mar 18 21:02 MSK
"ProportionalFairScheduler.EvolvesAverageThroughput" time elapsed: 00:00:00
----------------------------------------------------------

10/15 Testing: ProportionalFairScheduler.EmptyQueueReturnsEmpty
10/15 Test: ProportionalFairScheduler.EmptyQueueReturnsEmpty
Command: "/mnt/c/Users/maria/Desktop/project_telecom/build/tests/scheduler_tests" "--gtest_filter=ProportionalFairScheduler.EmptyQueueReturnsEmpty" "--gtest_also_run_disabled_tests"
Directory: /mnt/c/Users/maria/Desktop/project_telecom/build/tests
"ProportionalFairScheduler.EmptyQueueReturnsEmpty" start time: Mar 18 21:02 MSK
Output:
----------------------------------------------------------
Running main() from /mnt/c/Users/maria/Desktop/project_telecom/build/_deps/googletest-src/googletest/src/gtest_main.cc
Note: Google Test filter = ProportionalFairScheduler.EmptyQueueReturnsEmpty
[==========] Running 1 test from 1 test suite.
[----------] Global test environment set-up.
[----------] 1 test from ProportionalFairScheduler
[ RUN      ] ProportionalFairScheduler.EmptyQueueReturnsEmpty
[       OK ] ProportionalFairScheduler.EmptyQueueReturnsEmpty (0 ms)
[----------] 1 test from ProportionalFairScheduler (0 ms total)

[----------] Global test environment tear-down
[==========] 1 test from 1 test suite ran. (0 ms total)
[  PASSED  ] 1 test.
<end of output>
Test time =   0.02 sec
----------------------------------------------------------
Test Passed.
"ProportionalFairScheduler.EmptyQueueReturnsEmpty" end time: Mar 18 21:02 MSK
"ProportionalFairScheduler.EmptyQueueReturnsEmpty" time elapsed: 00:00:00
----------------------------------------------------------

11/15 Testing: ChannelModel.SnrToCqiMonotone
11/15 Test: ChannelModel.SnrToCqiMonotone
Command: "/mnt/c/Users/maria/Desktop/project_telecom/build/tests/scheduler_tests" "--gtest_filter=ChannelModel.SnrToCqiMonotone" "--gtest_also_run_disabled_tests"
Directory: /mnt/c/Users/maria/Desktop/project_telecom/build/tests
"ChannelModel.SnrToCqiMonotone" start time: Mar 18 21:02 MSK
Output:
----------------------------------------------------------
Running main() from /mnt/c/Users/maria/Desktop/project_telecom/build/_deps/googletest-src/googletest/src/gtest_main.cc
Note: Google Test filter = ChannelModel.SnrToCqiMonotone
[==========] Running 1 test from 1 test suite.
[----------] Global test environment set-up.
[----------] 1 test from ChannelModel
[ RUN      ] ChannelModel.SnrToCqiMonotone
[       OK ] ChannelModel.SnrToCqiMonotone (0 ms)
[----------] 1 test from ChannelModel (0 ms total)

[----------] Global test environment tear-down
[==========] 1 test from 1 test suite ran. (0 ms total)
[  PASSED  ] 1 test.
<end of output>
Test time =   0.02 sec
----------------------------------------------------------
Test Passed.
"ChannelModel.SnrToCqiMonotone" end time: Mar 18 21:02 MSK
"ChannelModel.SnrToCqiMonotone" time elapsed: 00:00:00
----------------------------------------------------------

12/15 Testing: ChannelModel.SnrToCqiRange
12/15 Test: ChannelModel.SnrToCqiRange
Command: "/mnt/c/Users/maria/Desktop/project_telecom/build/tests/scheduler_tests" "--gtest_filter=ChannelModel.SnrToCqiRange" "--gtest_also_run_disabled_tests"
Directory: /mnt/c/Users/maria/Desktop/project_telecom/build/tests
"ChannelModel.SnrToCqiRange" start time: Mar 18 21:02 MSK
Output:
----------------------------------------------------------
Running main() from /mnt/c/Users/maria/Desktop/project_telecom/build/_deps/googletest-src/googletest/src/gtest_main.cc
Note: Google Test filter = ChannelModel.SnrToCqiRange
[==========] Running 1 test from 1 test suite.
[----------] Global test environment set-up.
[----------] 1 test from ChannelModel
[ RUN      ] ChannelModel.SnrToCqiRange
[       OK ] ChannelModel.SnrToCqiRange (0 ms)
[----------] 1 test from ChannelModel (0 ms total)

[----------] Global test environment tear-down
[==========] 1 test from 1 test suite ran. (0 ms total)
[  PASSED  ] 1 test.
<end of output>
Test time =   0.02 sec
----------------------------------------------------------
Test Passed.
"ChannelModel.SnrToCqiRange" end time: Mar 18 21:02 MSK
"ChannelModel.SnrToCqiRange" time elapsed: 00:00:00
----------------------------------------------------------

13/15 Testing: ChannelModel.CqiToMcsRange
13/15 Test: ChannelModel.CqiToMcsRange
Command: "/mnt/c/Users/maria/Desktop/project_telecom/build/tests/scheduler_tests" "--gtest_filter=ChannelModel.CqiToMcsRange" "--gtest_also_run_disabled_tests"
Directory: /mnt/c/Users/maria/Desktop/project_telecom/build/tests
"ChannelModel.CqiToMcsRange" start time: Mar 18 21:02 MSK
Output:
----------------------------------------------------------
Running main() from /mnt/c/Users/maria/Desktop/project_telecom/build/_deps/googletest-src/googletest/src/gtest_main.cc
Note: Google Test filter = ChannelModel.CqiToMcsRange
[==========] Running 1 test from 1 test suite.
[----------] Global test environment set-up.
[----------] 1 test from ChannelModel
[ RUN      ] ChannelModel.CqiToMcsRange
[       OK ] ChannelModel.CqiToMcsRange (0 ms)
[----------] 1 test from ChannelModel (0 ms total)

[----------] Global test environment tear-down
[==========] 1 test from 1 test suite ran. (0 ms total)
[  PASSED  ] 1 test.
<end of output>
Test time =   0.02 sec
----------------------------------------------------------
Test Passed.
"ChannelModel.CqiToMcsRange" end time: Mar 18 21:02 MSK
"ChannelModel.CqiToMcsRange" time elapsed: 00:00:00
----------------------------------------------------------

14/15 Testing: HarqManager.AllowsUpToMaxRetransmissions
14/15 Test: HarqManager.AllowsUpToMaxRetransmissions
Command: "/mnt/c/Users/maria/Desktop/project_telecom/build/tests/scheduler_tests" "--gtest_filter=HarqManager.AllowsUpToMaxRetransmissions" "--gtest_also_run_disabled_tests"
Directory: /mnt/c/Users/maria/Desktop/project_telecom/build/tests
"HarqManager.AllowsUpToMaxRetransmissions" start time: Mar 18 21:02 MSK
Output:
----------------------------------------------------------
Running main() from /mnt/c/Users/maria/Desktop/project_telecom/build/_deps/googletest-src/googletest/src/gtest_main.cc
Note: Google Test filter = HarqManager.AllowsUpToMaxRetransmissions
[==========] Running 1 test from 1 test suite.
[----------] Global test environment set-up.
[----------] 1 test from HarqManager
[ RUN      ] HarqManager.AllowsUpToMaxRetransmissions
[       OK ] HarqManager.AllowsUpToMaxRetransmissions (0 ms)
[----------] 1 test from HarqManager (0 ms total)

[----------] Global test environment tear-down
[==========] 1 test from 1 test suite ran. (0 ms total)
[  PASSED  ] 1 test.
<end of output>
Test time =   0.02 sec
----------------------------------------------------------
Test Passed.
"HarqManager.AllowsUpToMaxRetransmissions" end time: Mar 18 21:02 MSK
"HarqManager.AllowsUpToMaxRetransmissions" time elapsed: 00:00:00
----------------------------------------------------------

15/15 Testing: HarqManager.ResetClearsState
15/15 Test: HarqManager.ResetClearsState
Command: "/mnt/c/Users/maria/Desktop/project_telecom/build/tests/scheduler_tests" "--gtest_filter=HarqManager.ResetClearsState" "--gtest_also_run_disabled_tests"
Directory: /mnt/c/Users/maria/Desktop/project_telecom/build/tests
"HarqManager.ResetClearsState" start time: Mar 18 21:02 MSK
Output:
----------------------------------------------------------
Running main() from /mnt/c/Users/maria/Desktop/project_telecom/build/_deps/googletest-src/googletest/src/gtest_main.cc
Note: Google Test filter = HarqManager.ResetClearsState
[==========] Running 1 test from 1 test suite.
[----------] Global test environment set-up.
[----------] 1 test from HarqManager
[ RUN      ] HarqManager.ResetClearsState
[       OK ] HarqManager.ResetClearsState (0 ms)
[----------] 1 test from HarqManager (0 ms total)

[----------] Global test environment tear-down
[==========] 1 test from 1 test suite ran. (0 ms total)
[  PASSED  ] 1 test.
<end of output>
Test time =   0.02 sec
----------------------------------------------------------
Test Passed.
"HarqManager.ResetClearsState" end time: Mar 18 21:02 MSK
"HarqManager.ResetClearsState" time elapsed: 00:00:00
----------------------------------------------------------

End testing: Mar 18 21:02 MSK
